c:\cs\eobotics project\cpp\maze solving robot\maze sol.d24f9995\x64\debug\vc143.pdb
c:\cs\eobotics project\cpp\maze solving robot\maze sol.d24f9995\x64\debug\vc143.idb
c:\cs\eobotics project\cpp\maze solving robot\maze sol.d24f9995\x64\debug\sensorsimulator.obj
c:\cs\eobotics project\cpp\maze solving robot\maze sol.d24f9995\x64\debug\maze solving robot.obj
c:\cs\eobotics project\cpp\maze solving robot\maze sol.d24f9995\x64\debug\maze solving robot.ilk
c:\cs\eobotics project\cpp\maze solving robot\x64\debug\maze solving robot.pdb
c:\cs\eobotics project\cpp\maze solving robot\maze sol.d24f9995\x64\debug\maze sol.d24f9995.tlog\cl.command.1.tlog
c:\cs\eobotics project\cpp\maze solving robot\maze sol.d24f9995\x64\debug\maze sol.d24f9995.tlog\cl.items.tlog
c:\cs\eobotics project\cpp\maze solving robot\maze sol.d24f9995\x64\debug\maze sol.d24f9995.tlog\cl.read.1.tlog
c:\cs\eobotics project\cpp\maze solving robot\maze sol.d24f9995\x64\debug\maze sol.d24f9995.tlog\cl.write.1.tlog
c:\cs\eobotics project\cpp\maze solving robot\maze sol.d24f9995\x64\debug\maze sol.d24f9995.tlog\link.19492-cvtres.read.1.tlog
c:\cs\eobotics project\cpp\maze solving robot\maze sol.d24f9995\x64\debug\maze sol.d24f9995.tlog\link.19492-cvtres.write.1.tlog
c:\cs\eobotics project\cpp\maze solving robot\maze sol.d24f9995\x64\debug\maze sol.d24f9995.tlog\link.19492-rc.read.1.tlog
c:\cs\eobotics project\cpp\maze solving robot\maze sol.d24f9995\x64\debug\maze sol.d24f9995.tlog\link.19492-rc.write.1.tlog
c:\cs\eobotics project\cpp\maze solving robot\maze sol.d24f9995\x64\debug\maze sol.d24f9995.tlog\link.19492.read.1.tlog
c:\cs\eobotics project\cpp\maze solving robot\maze sol.d24f9995\x64\debug\maze sol.d24f9995.tlog\link.19492.read.2.tlog
c:\cs\eobotics project\cpp\maze solving robot\maze sol.d24f9995\x64\debug\maze sol.d24f9995.tlog\link.19492.write.1.tlog
c:\cs\eobotics project\cpp\maze solving robot\maze sol.d24f9995\x64\debug\maze sol.d24f9995.tlog\link.command.1.tlog
c:\cs\eobotics project\cpp\maze solving robot\maze sol.d24f9995\x64\debug\maze sol.d24f9995.tlog\link.read.1.tlog
c:\cs\eobotics project\cpp\maze solving robot\maze sol.d24f9995\x64\debug\maze sol.d24f9995.tlog\link.secondary.1.tlog
c:\cs\eobotics project\cpp\maze solving robot\maze sol.d24f9995\x64\debug\maze sol.d24f9995.tlog\link.write.1.tlog
